<?xml version="1.0" encoding="UTF-8"?>
<!-- Generated by org.testng.reporters.JUnitXMLReporter -->
<testsuite ignored="0" hostname="EDDY" failures="0" tests="3" name="LoginTest" time="15.812" errors="0" timestamp="06 Dec 2022 03:11:31 GMT">
  <testcase classname="com.qa.tests.LoginTest" name="invalidUsernameShouldNotBeAbleToLogin" time="1.19"/>
  <testcase classname="com.qa.tests.LoginTest" name="invalidPasswordShouldNotBeAbleToLogin" time="1.088"/>
  <testcase classname="com.qa.tests.LoginTest" name="validUserShouldBeAbleToLogin" time="1.914"/>
</testsuite> <!-- LoginTest -->
