<?xml version="1.0" encoding="UTF-8"?>
<!-- Generated by org.testng.reporters.JUnitXMLReporter -->
<testsuite hostname="EDDY" ignored="0" name="Surefire test" tests="4" failures="0" timestamp="07 Dec 2022 06:02:48 GMT" time="68.421" errors="0">
  <testcase name="AddCustomerContact" time="35.417" classname="com.qa.tests.AddCustomerTest"/>
  <testcase name="invalidUsernameShouldNotBeAbleToLogin" time="5.278" classname="com.qa.tests.LoginTest"/>
  <testcase name="invalidPasswordShouldNotBeAbleToLogin" time="5.178" classname="com.qa.tests.LoginTest"/>
  <testcase name="validUserShouldBeAbleToLogin" time="5.85" classname="com.qa.tests.LoginTest"/>
</testsuite> <!-- Surefire test -->
