<?xml version="1.0" encoding="UTF-8"?>
<!-- Generated by org.testng.reporters.JUnitXMLReporter -->
<testsuite ignored="6" hostname="EDDY" failures="0" tests="1" name="Default test" time="51.717" errors="0" timestamp="07 Dec 2022 05:43:23 GMT">
  <testcase classname="com.qa.tests.NewInvoiceTest" name="UserShouldBeAbleToCreateNewInvoice" time="45.159"/>
  <testcase classname="com.qa.tests.NewInvoiceTest" name="UserShouldBeAbleToVerifyNewRecurringInvoices" time="0.0">
    <ignored/>
  </testcase> <!-- UserShouldBeAbleToVerifyNewRecurringInvoices -->
  <testcase classname="com.qa.tests.NewInvoiceTest" name="UserShouldBeAbleToCreateNewQuotes" time="0.0">
    <ignored/>
  </testcase> <!-- UserShouldBeAbleToCreateNewQuotes -->
  <testcase classname="com.qa.tests.NewInvoiceTest" name="UserShouldBeAbleToVerifyRecurringInvoices" time="0.0">
    <ignored/>
  </testcase> <!-- UserShouldBeAbleToVerifyRecurringInvoices -->
  <testcase classname="com.qa.tests.NewInvoiceTest" name="UserShouldBeAbleToVerifyPayments" time="0.0">
    <ignored/>
  </testcase> <!-- UserShouldBeAbleToVerifyPayments -->
  <testcase classname="com.qa.tests.NewInvoiceTest" name="UserShouldBeAbleToVerifyQuotes" time="0.0">
    <ignored/>
  </testcase> <!-- UserShouldBeAbleToVerifyQuotes -->
  <testcase classname="com.qa.tests.NewInvoiceTest" name="UserShouldBeAbleToViewTheInvoice" time="0.0">
    <ignored/>
  </testcase> <!-- UserShouldBeAbleToViewTheInvoice -->
</testsuite> <!-- Default test -->
