<?xml version="1.0" encoding="UTF-8"?>
<!-- Generated by org.testng.reporters.JUnitXMLReporter -->
<testsuite hostname="EDDY" ignored="6" name="NewInvoiceTest" tests="1" failures="0" timestamp="17 Sep 2022 02:46:07 GMT" time="50.874" errors="0">
  <testcase name="UserShouldBeAbleToCreateNewInvoice" time="46.143" classname="com.qa.tests.NewInvoiceTest"/>
  <testcase name="UserShouldBeAbleToVerifyNewRecurringInvoices" time="0.0" classname="com.qa.tests.NewInvoiceTest">
    <ignored/>
  </testcase> <!-- UserShouldBeAbleToVerifyNewRecurringInvoices -->
  <testcase name="UserShouldBeAbleToCreateNewQuotes" time="0.0" classname="com.qa.tests.NewInvoiceTest">
    <ignored/>
  </testcase> <!-- UserShouldBeAbleToCreateNewQuotes -->
  <testcase name="UserShouldBeAbleToVerifyPayments" time="0.0" classname="com.qa.tests.NewInvoiceTest">
    <ignored/>
  </testcase> <!-- UserShouldBeAbleToVerifyPayments -->
  <testcase name="UserShouldBeAbleToVerifyRecurringInvoices" time="0.0" classname="com.qa.tests.NewInvoiceTest">
    <ignored/>
  </testcase> <!-- UserShouldBeAbleToVerifyRecurringInvoices -->
  <testcase name="UserShouldBeAbleToVerifyQuotes" time="0.0" classname="com.qa.tests.NewInvoiceTest">
    <ignored/>
  </testcase> <!-- UserShouldBeAbleToVerifyQuotes -->
  <testcase name="UserShouldBeAbleToViewTheInvoice" time="0.0" classname="com.qa.tests.NewInvoiceTest">
    <ignored/>
  </testcase> <!-- UserShouldBeAbleToViewTheInvoice -->
</testsuite> <!-- NewInvoiceTest -->
