<?xml version="1.0" encoding="UTF-8"?>
<testng-results skipped="0" failed="0" ignored="0" total="4" passed="4">
  <reporter-output>
  </reporter-output>
  <suite name="Surefire suite" duration-ms="68421" started-at="2022-12-07T06:01:40Z" finished-at="2022-12-07T06:02:48Z">
    <groups>
    </groups>
    <test name="Surefire test" duration-ms="68421" started-at="2022-12-07T06:01:40Z" finished-at="2022-12-07T06:02:48Z">
      <class name="com.qa.tests.AddCustomerTest">
        <test-method status="PASS" signature="beforeMethod()[pri:0, instance:com.qa.tests.AddCustomerTest@16d04d3d]" name="beforeMethod" is-config="true" duration-ms="6064" started-at="2022-12-07T06:01:40Z" finished-at="2022-12-07T06:01:46Z">
          <reporter-output>
          </reporter-output>
        </test-method> <!-- beforeMethod -->
        <test-method status="PASS" signature="AddCustomerContact()[pri:0, instance:com.qa.tests.AddCustomerTest@16d04d3d]" name="AddCustomerContact" duration-ms="35417" started-at="2022-12-07T06:01:46Z" finished-at="2022-12-07T06:02:22Z">
          <reporter-output>
          </reporter-output>
        </test-method> <!-- AddCustomerContact -->
        <test-method status="PASS" signature="tearDown()[pri:0, instance:com.qa.tests.AddCustomerTest@16d04d3d]" name="tearDown" is-config="true" duration-ms="279" started-at="2022-12-07T06:02:22Z" finished-at="2022-12-07T06:02:22Z">
          <reporter-output>
          </reporter-output>
        </test-method> <!-- tearDown -->
      </class> <!-- com.qa.tests.AddCustomerTest -->
      <class name="com.qa.tests.LoginTest">
        <test-method status="PASS" signature="beforeMethod()[pri:0, instance:com.qa.tests.LoginTest@49ec71f8]" name="beforeMethod" is-config="true" duration-ms="2974" started-at="2022-12-07T06:02:22Z" finished-at="2022-12-07T06:02:25Z">
          <reporter-output>
          </reporter-output>
        </test-method> <!-- beforeMethod -->
        <test-method status="PASS" signature="invalidUsernameShouldNotBeAbleToLogin()[pri:1, instance:com.qa.tests.LoginTest@49ec71f8]" name="invalidUsernameShouldNotBeAbleToLogin" duration-ms="5278" started-at="2022-12-07T06:02:25Z" finished-at="2022-12-07T06:02:30Z">
          <reporter-output>
          </reporter-output>
        </test-method> <!-- invalidUsernameShouldNotBeAbleToLogin -->
        <test-method status="PASS" signature="tearDown()[pri:0, instance:com.qa.tests.LoginTest@49ec71f8]" name="tearDown" is-config="true" duration-ms="290" started-at="2022-12-07T06:02:30Z" finished-at="2022-12-07T06:02:30Z">
          <reporter-output>
          </reporter-output>
        </test-method> <!-- tearDown -->
        <test-method status="PASS" signature="beforeMethod()[pri:0, instance:com.qa.tests.LoginTest@49ec71f8]" name="beforeMethod" is-config="true" duration-ms="2950" started-at="2022-12-07T06:02:30Z" finished-at="2022-12-07T06:02:33Z">
          <reporter-output>
          </reporter-output>
        </test-method> <!-- beforeMethod -->
        <test-method status="PASS" signature="invalidPasswordShouldNotBeAbleToLogin()[pri:2, instance:com.qa.tests.LoginTest@49ec71f8]" name="invalidPasswordShouldNotBeAbleToLogin" duration-ms="5178" started-at="2022-12-07T06:02:33Z" finished-at="2022-12-07T06:02:39Z">
          <reporter-output>
          </reporter-output>
        </test-method> <!-- invalidPasswordShouldNotBeAbleToLogin -->
        <test-method status="PASS" signature="tearDown()[pri:0, instance:com.qa.tests.LoginTest@49ec71f8]" name="tearDown" is-config="true" duration-ms="522" started-at="2022-12-07T06:02:39Z" finished-at="2022-12-07T06:02:39Z">
          <reporter-output>
          </reporter-output>
        </test-method> <!-- tearDown -->
        <test-method status="PASS" signature="beforeMethod()[pri:0, instance:com.qa.tests.LoginTest@49ec71f8]" name="beforeMethod" is-config="true" duration-ms="3004" started-at="2022-12-07T06:02:39Z" finished-at="2022-12-07T06:02:42Z">
          <reporter-output>
          </reporter-output>
        </test-method> <!-- beforeMethod -->
        <test-method status="PASS" signature="validUserShouldBeAbleToLogin()[pri:3, instance:com.qa.tests.LoginTest@49ec71f8]" name="validUserShouldBeAbleToLogin" duration-ms="5850" started-at="2022-12-07T06:02:42Z" finished-at="2022-12-07T06:02:48Z">
          <reporter-output>
          </reporter-output>
        </test-method> <!-- validUserShouldBeAbleToLogin -->
        <test-method status="PASS" signature="tearDown()[pri:0, instance:com.qa.tests.LoginTest@49ec71f8]" name="tearDown" is-config="true" duration-ms="579" started-at="2022-12-07T06:02:48Z" finished-at="2022-12-07T06:02:48Z">
          <reporter-output>
          </reporter-output>
        </test-method> <!-- tearDown -->
      </class> <!-- com.qa.tests.LoginTest -->
    </test> <!-- Surefire test -->
  </suite> <!-- Surefire suite -->
</testng-results>
