<?xml version="1.0" encoding="UTF-8"?>
<testsuite xmlns:xsi="http://www.w3.org/2001/XMLSchema-instance" xsi:noNamespaceSchemaLocation="https://maven.apache.org/surefire/maven-surefire-plugin/xsd/surefire-test-report.xsd" name="TestSuite" time="70.561" tests="4" errors="0" skipped="0" failures="0">
  <properties>
[...]
</properties>
  <testcase name="AddCustomerContact" classname="com.qa.tests.AddCustomerTest" time="35.41"/>
  <testcase name="invalidUsernameShouldNotBeAbleToLogin" classname="com.qa.tests.LoginTest" time="5.286"/>
  <testcase name="invalidPasswordShouldNotBeAbleToLogin" classname="com.qa.tests.LoginTest" time="5.029"/>
  <testcase name="validUserShouldBeAbleToLogin" classname="com.qa.tests.LoginTest" time="5.841"/>
</testsuite>