<?xml version="1.0" encoding="UTF-8"?>
<testng-results ignored="6" total="7" passed="1" failed="0" skipped="0">
  <reporter-output>
  </reporter-output>
  <suite started-at="2022-12-07T05:42:32Z" name="Default suite" finished-at="2022-12-07T05:43:23Z" duration-ms="51717">
    <groups>
    </groups>
    <test started-at="2022-12-07T05:42:32Z" name="Default test" finished-at="2022-12-07T05:43:23Z" duration-ms="51717">
      <class name="com.qa.tests.NewInvoiceTest">
        <test-method is-config="true" signature="beforeMethod()[pri:0, instance:com.qa.tests.NewInvoiceTest@7674f035]" started-at="2022-12-07T05:42:32Z" name="beforeMethod" finished-at="2022-12-07T05:42:38Z" duration-ms="6304" status="PASS">
          <reporter-output>
          </reporter-output>
        </test-method> <!-- beforeMethod -->
        <test-method signature="UserShouldBeAbleToCreateNewInvoice()[pri:1, instance:com.qa.tests.NewInvoiceTest@7674f035]" started-at="2022-12-07T05:42:38Z" name="UserShouldBeAbleToCreateNewInvoice" finished-at="2022-12-07T05:43:23Z" duration-ms="45159" status="PASS">
          <reporter-output>
          </reporter-output>
        </test-method> <!-- UserShouldBeAbleToCreateNewInvoice -->
        <test-method is-config="true" signature="tearDown()[pri:0, instance:com.qa.tests.NewInvoiceTest@7674f035]" started-at="2022-12-07T05:43:23Z" name="tearDown" finished-at="2022-12-07T05:43:23Z" duration-ms="195" status="PASS">
          <reporter-output>
          </reporter-output>
        </test-method> <!-- tearDown -->
      </class> <!-- com.qa.tests.NewInvoiceTest -->
    </test> <!-- Default test -->
  </suite> <!-- Default suite -->
</testng-results>
